Change Component Designator: OldDesignator=VR1-3.3V NewDesignator=VR1
Change Component Designator: OldDesignator=VR2-2.5V NewDesignator=VR2
Change Component Designator: OldDesignator=VR3-1.2V NewDesignator=VR3
Added Component: Designator=C9(LC-0805_C)
Added Component: Designator=C12(LC-0805_C)
Added Component: Designator=C27(LC-0805_C)
Added Component: Designator=C31(LC-0805_C)
Added Component: Designator=C38(LC-0805_C)
Added Pin To Net: NetName=DGND Pin=C9-1
Added Pin To Net: NetName=VCCAUX Pin=C9-2
Added Pin To Net: NetName=DGND Pin=C12-1
Added Pin To Net: NetName=VCCAUX Pin=C12-2
Added Pin To Net: NetName=DGND Pin=C27-1
Added Pin To Net: NetName=VCCO Pin=C27-2
Added Pin To Net: NetName=DGND Pin=C31-1
Added Pin To Net: NetName=VCCO Pin=C31-2
Added Pin To Net: NetName=DGND Pin=C38-1
Added Pin To Net: NetName=VCCO Pin=C38-2
Added Member To Class: ClassName=ET-power Member=Component C9 4.7uF
Added Member To Class: ClassName=ET-power Member=Component C12 4.7uF
Added Member To Class: ClassName=ET-power Member=Component C27 470nF
Added Member To Class: ClassName=ET-power Member=Component C31 470nF
Added Member To Class: ClassName=ET-power Member=Component C38 4.7uF
