Removed Pin From Net: NetName=+12V Pin=C40-1
Removed Pin From Net: NetName=AGND Pin=C40-2
Removed Pin From Net: NetName=AGND Pin=C41-1
Removed Pin From Net: NetName=-12V Pin=C41-2
Removed Pin From Net: NetName=-2.5V Pin=D1-1
Removed Pin From Net: NetName=+2.5V Pin=D1-2
Removed Pin From Net: NetName=NetC34_2 Pin=D1-3
Removed Pin From Net: NetName=AGND Pin=R13-1
Removed Pin From Net: NetName=+2.5V Pin=R26-1
Removed Pin From Net: NetName=+5V Pin=R26-2
Removed Pin From Net: NetName=-5V Pin=R27-1
Removed Pin From Net: NetName=-2.5V Pin=R27-2
Removed Pin From Net: NetName=DGND Pin=R28-1
Removed Pin From Net: NetName=AGND Pin=R28-2
Removed Pin From Net: NetName=KEY Pin=R29-1
Removed Pin From Net: NetName=VCCO Pin=R29-2
Removed Member From Class: ClassName=CVTOP Member=C40
Removed Member From Class: ClassName=CVTOP Member=C41
Change Component DesignItemId : Designator=R28 Old DesignItemId=0805 0次 (0R0) 1% New DesignItemId=0805 1K次 (1001) 1%
Change Component DesignItemId : Designator=R26 Old DesignItemId=0805 3K次 (3001) 1% New DesignItemId=0805 1K次 (1001) 1%
Change Component DesignItemId : Designator=R27 Old DesignItemId=0805 3K次 (3001) 1% New DesignItemId=0805 1K次 (1001) 1%
Change Component DesignItemId : Designator=D1 Old DesignItemId=SOT-23 BAV99 A7W New DesignItemId=0805 綻腑
Change Component Footprint: Designator=D1 Old Footprint=LC-SOT-23(SOT-23-3) New Footprint=LC-0805_LED_S1
Change Component Comment : Designator=R28 Old Comment=0次 (0R0) ㊣1% New Comment=1K次 (1001) ㊣1%
Change Component Comment : Designator=R26 Old Comment=3K次 (3001) ㊣1% New Comment=1K次 (1001) ㊣1%
Change Component Comment : Designator=R27 Old Comment=3K次 (3001) ㊣1% New Comment=1K次 (1001) ㊣1%
Change Component Comment : Designator=D1 Old Comment=HSMS 2822 New Comment=綻腑 0805
Change Component Designator: OldDesignator=C24 NewDesignator=C1
Change Component Designator: OldDesignator=C25 NewDesignator=C2
Change Component Designator: OldDesignator=C26 NewDesignator=C3
Change Component Designator: OldDesignator=C27 NewDesignator=C4
Change Component Designator: OldDesignator=C28 NewDesignator=C5
Change Component Designator: OldDesignator=C29 NewDesignator=C6
Change Component Designator: OldDesignator=C30 NewDesignator=C29
Change Component Designator: OldDesignator=C31 NewDesignator=C7
Change Component Designator: OldDesignator=C32 NewDesignator=C8
Change Component Designator: OldDesignator=C33 NewDesignator=C9
Change Component Designator: OldDesignator=C34 NewDesignator=C10
Change Component Designator: OldDesignator=C35 NewDesignator=C11
Change Component Designator: OldDesignator=C36 NewDesignator=C12
Change Component Designator: OldDesignator=C37 NewDesignator=C13
Change Component Designator: OldDesignator=C38 NewDesignator=C24
Change Component Designator: OldDesignator=C39 NewDesignator=C25
Change Component Designator: OldDesignator=C42 NewDesignator=C26
Change Component Designator: OldDesignator=C43 NewDesignator=C28
Change Component Designator: OldDesignator=C44 NewDesignator=C30
Change Component Designator: OldDesignator=C45 NewDesignator=C31
Change Component Designator: OldDesignator=J1 NewDesignator=J2
Change Component Designator: OldDesignator=J2 NewDesignator=J1
Change Component Designator: OldDesignator=R14 NewDesignator=R1
Change Component Designator: OldDesignator=R15 NewDesignator=R5
Change Component Designator: OldDesignator=R16 NewDesignator=R7
Change Component Designator: OldDesignator=R17 NewDesignator=R9
Change Component Designator: OldDesignator=R18 NewDesignator=R11
Change Component Designator: OldDesignator=R19 NewDesignator=R13
Change Component Designator: OldDesignator=R20 NewDesignator=R14
Change Component Designator: OldDesignator=R21 NewDesignator=R17
Change Component Designator: OldDesignator=R22 NewDesignator=R21
Change Component Designator: OldDesignator=R23 NewDesignator=R22
Change Component Designator: OldDesignator=R24 NewDesignator=R23
Change Component Designator: OldDesignator=R54 NewDesignator=R34
Change Component Designator: OldDesignator=R56 NewDesignator=R35
Change Component Designator: OldDesignator=U7 NewDesignator=U1
Change Component Designator: OldDesignator=U8 NewDesignator=U2
Change Component Designator: OldDesignator=U9 NewDesignator=U3
Change Component Designator: OldDesignator=U10 NewDesignator=U7
Change Component Designator: OldDesignator=U11 NewDesignator=U8
Change Component Designator: OldDesignator=U12 NewDesignator=U4
Change Component Designator: OldDesignator=U21 NewDesignator=U9
Change Component Designator: OldDesignator=VR2 NewDesignator=VR1
Added Component: Designator=C15(C2225)
Added Component: Designator=C23(C2225)
Added Component: Designator=C27(LC-0805_C)
Added Component: Designator=C32(LC-0805_C)
Added Component: Designator=D2(LC-0805_LED_S1)
Added Component: Designator=D3(LC-0805_LED_S1)
Added Component: Designator=D4(LC-0805_LED_S1)
Added Component: Designator=D5(LC-0805_LED_S1)
Added Component: Designator=D6(LC-0805_LED_S1)
Added Component: Designator=D7(LC-0805_LED_S1)
Added Component: Designator=D8(LC-0805_LED_S1)
Added Component: Designator=D9(LC-0805_LED_S1)
Added Component: Designator=D10(LC-0805_LED_S1)
Added Component: Designator=D11(LC-SOT-23(SOT-23-3))
Added Component: Designator=D12(LC-0805_LED_S1)
Added Component: Designator=D13(LC-0805_LED_S1)
Added Component: Designator=D14(LC-0805_LED_S1)
Added Component: Designator=D15(LC-0805_LED_S1)
Added Component: Designator=D16(LC-0805_LED_S1)
Added Component: Designator=D17(LC-0805_LED_S1)
Added Component: Designator=R2(LC-0805_R)
Added Component: Designator=R3(LC-0805_R)
Added Component: Designator=R4(LC-0805_R)
Added Component: Designator=R6(LC-0805_R)
Added Component: Designator=R8(LC-0805_R)
Added Component: Designator=R10(LC-0805_R)
Added Component: Designator=R12(LC-0805_R)
Added Component: Designator=R15(LC-0805_R)
Added Component: Designator=R16(LC-0805_R)
Added Component: Designator=R18(LC-0805_R)
Added Component: Designator=R19(LC-0805_R)
Added Component: Designator=R20(LC-0805_R)
Added Component: Designator=R24(LC-0805_R)
Added Component: Designator=R30(LC-0805_R)
Added Component: Designator=R31(LC-0805_R)
Added Component: Designator=R32(LC-0805_R)
Added Component: Designator=R33(LC-0805_R)
Added Pin To Net: NetName=AGND Pin=C15-1
Added Pin To Net: NetName=-12V Pin=C15-2
Added Pin To Net: NetName=+12V Pin=C23-1
Added Pin To Net: NetName=AGND Pin=C23-2
Added Pin To Net: NetName=AGND Pin=C27-1
Added Pin To Net: NetName=-12V Pin=C27-2
Added Pin To Net: NetName=+12V Pin=C32-1
Added Pin To Net: NetName=AGND Pin=C32-2
Added Pin To Net: NetName=-2.5V Pin=D11-1
Added Pin To Net: NetName=+2.5V Pin=D11-2
Added Pin To Net: NetName=NetC34_2 Pin=D11-3
Added Pin To Net: NetName=AGND Pin=R20-1
Added Pin To Net: NetName=KEY Pin=R30-1
Added Pin To Net: NetName=VCCO Pin=R30-2
Added Pin To Net: NetName=+2.5V Pin=R31-1
Added Pin To Net: NetName=+5V Pin=R31-2
Added Pin To Net: NetName=-5V Pin=R32-1
Added Pin To Net: NetName=-2.5V Pin=R32-2
Added Pin To Net: NetName=DGND Pin=R33-1
Added Pin To Net: NetName=AGND Pin=R33-2
Change Net Name : Old Net Name=NetC24_1 New Net Name=NetC1_1
Change Net Name : Old Net Name=NetC25_1 New Net Name=NetC2_1
Change Net Name : Old Net Name=NetC26_1 New Net Name=NetC3_1
Change Net Name : Old Net Name=NetC27_2 New Net Name=NetC4_2
Change Net Name : Old Net Name=NetC28_2 New Net Name=NetC5_2
Change Net Name : Old Net Name=NetC32_1 New Net Name=NetC8_1
Change Net Name : Old Net Name=NetC34_1 New Net Name=NetC10_1
Change Net Name : Old Net Name=NetC34_2 New Net Name=NetC10_2
Change Net Name : Old Net Name=NetC35_2 New Net Name=NetC11_2
Change Net Name : Old Net Name=NetR18_1 New Net Name=NetR11_1
Change Net Name : Old Net Name=NetR21_CCW New Net Name=NetR17_CCW
Change Net Name : Old Net Name=NetR21_CW New Net Name=NetR17_CW
Change Net Name : Old Net Name=NetR54_1 New Net Name=NetR34_1
Added Pin To Net: NetName=GND Pin=D1-K
Added Pin To Net: NetName=GND Pin=D2-K
Added Pin To Net: NetName=GND Pin=D3-K
Added Pin To Net: NetName=GND Pin=D4-K
Added Pin To Net: NetName=GND Pin=D5-K
Added Pin To Net: NetName=GND Pin=D6-K
Added Pin To Net: NetName=GND Pin=D7-K
Added Pin To Net: NetName=GND Pin=D8-K
Added Pin To Net: NetName=GND Pin=D9-K
Added Pin To Net: NetName=GND Pin=D10-K
Added Pin To Net: NetName=GND Pin=D12-K
Added Pin To Net: NetName=GND Pin=D13-K
Added Pin To Net: NetName=GND Pin=D14-K
Added Pin To Net: NetName=GND Pin=D15-K
Added Pin To Net: NetName=GND Pin=D16-K
Added Pin To Net: NetName=GND Pin=D17-K
Added Net: Name=GND
Added Pin To Net: NetName=NetD1_A Pin=D1-A
Added Pin To Net: NetName=NetD1_A Pin=R2-2
Added Net: Name=NetD1_A
Added Pin To Net: NetName=NetD2_A Pin=D2-A
Added Pin To Net: NetName=NetD2_A Pin=R3-2
Added Net: Name=NetD2_A
Added Pin To Net: NetName=NetD3_A Pin=D3-A
Added Pin To Net: NetName=NetD3_A Pin=R4-2
Added Net: Name=NetD3_A
Added Pin To Net: NetName=NetD4_A Pin=D4-A
Added Pin To Net: NetName=NetD4_A Pin=R6-2
Added Net: Name=NetD4_A
Added Pin To Net: NetName=NetD5_A Pin=D5-A
Added Pin To Net: NetName=NetD5_A Pin=R8-2
Added Net: Name=NetD5_A
Added Pin To Net: NetName=NetD6_A Pin=D6-A
Added Pin To Net: NetName=NetD6_A Pin=R10-2
Added Net: Name=NetD6_A
Added Pin To Net: NetName=NetD7_A Pin=D7-A
Added Pin To Net: NetName=NetD7_A Pin=R12-2
Added Net: Name=NetD7_A
Added Pin To Net: NetName=NetD8_A Pin=D8-A
Added Pin To Net: NetName=NetD8_A Pin=R15-2
Added Net: Name=NetD8_A
Added Pin To Net: NetName=NetD9_A Pin=D9-A
Added Pin To Net: NetName=NetD9_A Pin=R16-2
Added Net: Name=NetD9_A
Added Pin To Net: NetName=NetD10_A Pin=D10-A
Added Pin To Net: NetName=NetD10_A Pin=R18-2
Added Net: Name=NetD10_A
Added Pin To Net: NetName=NetD12_A Pin=D12-A
Added Pin To Net: NetName=NetD12_A Pin=R19-2
Added Net: Name=NetD12_A
Added Pin To Net: NetName=NetD13_A Pin=D13-A
Added Pin To Net: NetName=NetD13_A Pin=R24-2
Added Net: Name=NetD13_A
Added Pin To Net: NetName=NetD14_A Pin=D14-A
Added Pin To Net: NetName=NetD14_A Pin=R26-2
Added Net: Name=NetD14_A
Added Pin To Net: NetName=NetD15_A Pin=D15-A
Added Pin To Net: NetName=NetD15_A Pin=R27-2
Added Net: Name=NetD15_A
Added Pin To Net: NetName=NetD16_A Pin=D16-A
Added Pin To Net: NetName=NetD16_A Pin=R28-2
Added Net: Name=NetD16_A
Added Pin To Net: NetName=NetD17_A Pin=D17-A
Added Pin To Net: NetName=NetD17_A Pin=R29-2
Added Net: Name=NetD17_A
Added Pin To Net: NetName=NetR2_1 Pin=R2-1
Added Pin To Net: NetName=NetR2_1 Pin=U5-19
Added Net: Name=NetR2_1
Added Pin To Net: NetName=NetR3_1 Pin=R3-1
Added Pin To Net: NetName=NetR3_1 Pin=U5-18
Added Net: Name=NetR3_1
Added Pin To Net: NetName=NetR4_1 Pin=R4-1
Added Pin To Net: NetName=NetR4_1 Pin=U5-17
Added Net: Name=NetR4_1
Added Pin To Net: NetName=NetR6_1 Pin=R6-1
Added Pin To Net: NetName=NetR6_1 Pin=U5-16
Added Net: Name=NetR6_1
Added Pin To Net: NetName=NetR8_1 Pin=R8-1
Added Pin To Net: NetName=NetR8_1 Pin=U5-15
Added Net: Name=NetR8_1
Added Pin To Net: NetName=NetR10_1 Pin=R10-1
Added Pin To Net: NetName=NetR10_1 Pin=U5-14
Added Net: Name=NetR10_1
Added Pin To Net: NetName=NetR12_1 Pin=R12-1
Added Pin To Net: NetName=NetR12_1 Pin=U5-13
Added Net: Name=NetR12_1
Added Pin To Net: NetName=NetR15_1 Pin=R15-1
Added Pin To Net: NetName=NetR15_1 Pin=U5-12
Added Net: Name=NetR15_1
Added Pin To Net: NetName=NetR16_1 Pin=R16-1
Added Pin To Net: NetName=NetR16_1 Pin=U6-19
Added Net: Name=NetR16_1
Added Pin To Net: NetName=NetR18_1 Pin=R18-1
Added Pin To Net: NetName=NetR18_1 Pin=U6-18
Added Net: Name=NetR18_1
Added Pin To Net: NetName=NetR19_1 Pin=R19-1
Added Pin To Net: NetName=NetR19_1 Pin=U6-17
Added Net: Name=NetR19_1
Added Pin To Net: NetName=NetR20_2 Pin=R20-2
Added Pin To Net: NetName=NetR20_2 Pin=U2-35
Added Net: Name=NetR20_2
Added Pin To Net: NetName=NetR24_1 Pin=R24-1
Added Pin To Net: NetName=NetR24_1 Pin=U6-16
Added Net: Name=NetR24_1
Added Pin To Net: NetName=NetR26_1 Pin=R26-1
Added Pin To Net: NetName=NetR26_1 Pin=U6-15
Added Net: Name=NetR26_1
Added Pin To Net: NetName=NetR27_1 Pin=R27-1
Added Pin To Net: NetName=NetR27_1 Pin=U6-14
Added Net: Name=NetR27_1
Added Pin To Net: NetName=NetR28_1 Pin=R28-1
Added Pin To Net: NetName=NetR28_1 Pin=U6-13
Added Net: Name=NetR28_1
Added Pin To Net: NetName=NetR29_1 Pin=R29-1
Added Pin To Net: NetName=NetR29_1 Pin=U6-12
Added Net: Name=NetR29_1
Added Member To Class: ClassName=CVTOP Member=Component C15 Cap Pol3
Added Member To Class: ClassName=CVTOP Member=Component C23 Cap Pol3
Added Member To Class: ClassName=CVTOP Member=Component C27 100nF(104) 10% 50V
Added Member To Class: ClassName=CVTOP Member=Component C32 100nF(104) 10% 50V
Added Member To Class: ClassName=CVTOP Member=Component D2 綻腑 0805
Added Member To Class: ClassName=CVTOP Member=Component D3 綻腑 0805
Added Member To Class: ClassName=CVTOP Member=Component D4 綻腑 0805
Added Member To Class: ClassName=CVTOP Member=Component D5 綻腑 0805
Added Member To Class: ClassName=CVTOP Member=Component D6 綻腑 0805
Added Member To Class: ClassName=CVTOP Member=Component D7 綻腑 0805
Added Member To Class: ClassName=CVTOP Member=Component D8 綻腑 0805
Added Member To Class: ClassName=CVTOP Member=Component D9 綻腑 0805
Added Member To Class: ClassName=CVTOP Member=Component D10 綻腑 0805
Added Member To Class: ClassName=CVTOP Member=Component D11 HSMS 2822
Added Member To Class: ClassName=CVTOP Member=Component D12 綻腑 0805
Added Member To Class: ClassName=CVTOP Member=Component D13 綻腑 0805
Added Member To Class: ClassName=CVTOP Member=Component D14 綻腑 0805
Added Member To Class: ClassName=CVTOP Member=Component D15 綻腑 0805
Added Member To Class: ClassName=CVTOP Member=Component D16 綻腑 0805
Added Member To Class: ClassName=CVTOP Member=Component D17 綻腑 0805
Added Member To Class: ClassName=CVTOP Member=Component R2 1K次 (1001) ㊣1%
Added Member To Class: ClassName=CVTOP Member=Component R3 1K次 (1001) ㊣1%
Added Member To Class: ClassName=CVTOP Member=Component R4 1K次 (1001) ㊣1%
Added Member To Class: ClassName=CVTOP Member=Component R6 1K次 (1001) ㊣1%
Added Member To Class: ClassName=CVTOP Member=Component R8 1K次 (1001) ㊣1%
Added Member To Class: ClassName=CVTOP Member=Component R10 1K次 (1001) ㊣1%
Added Member To Class: ClassName=CVTOP Member=Component R12 1K次 (1001) ㊣1%
Added Member To Class: ClassName=CVTOP Member=Component R15 1K次 (1001) ㊣1%
Added Member To Class: ClassName=CVTOP Member=Component R16 1K次 (1001) ㊣1%
Added Member To Class: ClassName=CVTOP Member=Component R18 1K次 (1001) ㊣1%
Added Member To Class: ClassName=CVTOP Member=Component R20 2K次 (2001) ㊣1%
Added Member To Class: ClassName=CVTOP Member=Component R24 1K次 (1001) ㊣1%
Added Member To Class: ClassName=CVTOP Member=Component R30 1K次 (1001) ㊣1%
Added Member To Class: ClassName=CVTOP Member=Component R31 3K次 (3001) ㊣1%
Added Member To Class: ClassName=CVTOP Member=Component R32 3K次 (3001) ㊣1%
Added Member To Class: ClassName=CVTOP Member=Component R33 0次 (0R0) ㊣1%
Added Room: Name=CVTOP
