Removed Pin From Net: NetName=VCCO Pin=P3-1
Removed Pin From Net: NetName=AGND Pin=P3-2
Removed Pin From Net: NetName=D1 Pin=P3-3
Removed Pin From Net: NetName=D3 Pin=P3-4
Removed Pin From Net: NetName=D5 Pin=P3-5
Removed Pin From Net: NetName=D7 Pin=P3-6
Removed Pin From Net: NetName=VCCO Pin=P4-1
Removed Pin From Net: NetName=AGND Pin=P4-2
Removed Pin From Net: NetName=D0 Pin=P4-3
Removed Pin From Net: NetName=D2 Pin=P4-4
Removed Pin From Net: NetName=D4 Pin=P4-5
Removed Pin From Net: NetName=D6 Pin=P4-6
Added Pin To Net: NetName=D7 Pin=P3-1
Added Pin To Net: NetName=D5 Pin=P3-2
Added Pin To Net: NetName=D3 Pin=P3-3
Added Pin To Net: NetName=D1 Pin=P3-4
Added Pin To Net: NetName=AGND Pin=P3-5
Added Pin To Net: NetName=VCCO Pin=P3-6
Added Pin To Net: NetName=D6 Pin=P4-1
Added Pin To Net: NetName=D4 Pin=P4-2
Added Pin To Net: NetName=D2 Pin=P4-3
Added Pin To Net: NetName=D0 Pin=P4-4
Added Pin To Net: NetName=AGND Pin=P4-5
Added Pin To Net: NetName=VCCO Pin=P4-6
