Removed Pin From Net: NetName=NetC30_2 Pin=C30-2
Removed Pin From Net: NetName=AGND Pin=C31-1
Removed Pin From Net: NetName=-5V Pin=C31-2
Removed Member From Class: ClassName=CVTOP Member=R20
Removed Member From Class: ClassName=CVTOP Member=R31
Removed Member From Class: ClassName=CVTOP Member=R32
Removed Member From Class: ClassName=CVTOP Member=R33
Change Component DesignItemId : Designator=C30 Old DesignItemId=0805 470nF (474) 10% 50V New DesignItemId=3216 10uF (106) 10% 16V
Change Component Footprint: Designator=C30 Old Footprint=LC-0805_C New Footprint=LC-CASE-A_3216
Change Component Comment : Designator=C30 Old Comment=470nF (474) 10% 50V New Comment=10uF (106) ¡À10% 16V
Change Component Designator: OldDesignator=C1 NewDesignator=C24
Change Component Designator: OldDesignator=C2 NewDesignator=C25
Change Component Designator: OldDesignator=C3 NewDesignator=C26
Change Component Designator: OldDesignator=C4 NewDesignator=C27
Change Component Designator: OldDesignator=C5 NewDesignator=C28
Change Component Designator: OldDesignator=C6 NewDesignator=C29
Change Component Designator: OldDesignator=C7 NewDesignator=C31
Change Component Designator: OldDesignator=C8 NewDesignator=C32
Change Component Designator: OldDesignator=C9 NewDesignator=C33
Change Component Designator: OldDesignator=C10 NewDesignator=C34
Change Component Designator: OldDesignator=C11 NewDesignator=C35
Change Component Designator: OldDesignator=C12 NewDesignator=C36
Change Component Designator: OldDesignator=C13 NewDesignator=C37
Change Component Designator: OldDesignator=C15 NewDesignator=C38
Change Component Designator: OldDesignator=C23 NewDesignator=C39
Change Component Designator: OldDesignator=C24 NewDesignator=C42
Change Component Designator: OldDesignator=C25 NewDesignator=C88
Change Component Designator: OldDesignator=C26 NewDesignator=C44
Change Component Designator: OldDesignator=C27 NewDesignator=C45
Change Component Designator: OldDesignator=C28 NewDesignator=C41
Change Component Designator: OldDesignator=C29 NewDesignator=C43
Change Component Designator: OldDesignator=C32 NewDesignator=C40
Change Component Designator: OldDesignator=D1 NewDesignator=D2
Change Component Designator: OldDesignator=D2 NewDesignator=D3
Change Component Designator: OldDesignator=D3 NewDesignator=D4
Change Component Designator: OldDesignator=D4 NewDesignator=D5
Change Component Designator: OldDesignator=D5 NewDesignator=D6
Change Component Designator: OldDesignator=D6 NewDesignator=D7
Change Component Designator: OldDesignator=D7 NewDesignator=D8
Change Component Designator: OldDesignator=D8 NewDesignator=D9
Change Component Designator: OldDesignator=D9 NewDesignator=D10
Change Component Designator: OldDesignator=D10 NewDesignator=D11
Change Component Designator: OldDesignator=D11 NewDesignator=D1
Change Component Designator: OldDesignator=J1 NewDesignator=J2
Change Component Designator: OldDesignator=J2 NewDesignator=J1
Change Component Designator: OldDesignator=R1 NewDesignator=R14
Change Component Designator: OldDesignator=R2 NewDesignator=R30
Change Component Designator: OldDesignator=R3 NewDesignator=R31
Change Component Designator: OldDesignator=R4 NewDesignator=R32
Change Component Designator: OldDesignator=R5 NewDesignator=R15
Change Component Designator: OldDesignator=R6 NewDesignator=R33
Change Component Designator: OldDesignator=R7 NewDesignator=R16
Change Component Designator: OldDesignator=R8 NewDesignator=R34
Change Component Designator: OldDesignator=R9 NewDesignator=R17
Change Component Designator: OldDesignator=R10 NewDesignator=R35
Change Component Designator: OldDesignator=R11 NewDesignator=R18
Change Component Designator: OldDesignator=R12 NewDesignator=R36
Change Component Designator: OldDesignator=R13 NewDesignator=R19
Change Component Designator: OldDesignator=R14 NewDesignator=R20
Change Component Designator: OldDesignator=R15 NewDesignator=R37
Change Component Designator: OldDesignator=R16 NewDesignator=R38
Change Component Designator: OldDesignator=R17 NewDesignator=R21
Change Component Designator: OldDesignator=R18 NewDesignator=R39
Change Component Designator: OldDesignator=R19 NewDesignator=R40
Change Component Designator: OldDesignator=R20 NewDesignator=R13
Change Component Designator: OldDesignator=R21 NewDesignator=R22
Change Component Designator: OldDesignator=R22 NewDesignator=R23
Change Component Designator: OldDesignator=R23 NewDesignator=R24
Change Component Designator: OldDesignator=R24 NewDesignator=R41
Change Component Designator: OldDesignator=R26 NewDesignator=R42
Change Component Designator: OldDesignator=R27 NewDesignator=R43
Change Component Designator: OldDesignator=R28 NewDesignator=R44
Change Component Designator: OldDesignator=R29 NewDesignator=R57
Change Component Designator: OldDesignator=R30 NewDesignator=R45
Change Component Designator: OldDesignator=R31 NewDesignator=R29
Change Component Designator: OldDesignator=R32 NewDesignator=R28
Change Component Designator: OldDesignator=R33 NewDesignator=R26
Change Component Designator: OldDesignator=R34 NewDesignator=R73
Change Component Designator: OldDesignator=R35 NewDesignator=R74
Change Component Designator: OldDesignator=R36 NewDesignator=R75
Change Component Designator: OldDesignator=R37 NewDesignator=R77
Change Component Designator: OldDesignator=R38 NewDesignator=R76
Change Component Designator: OldDesignator=R39 NewDesignator=R78
Change Component Designator: OldDesignator=R40 NewDesignator=R27
Change Component Designator: OldDesignator=R41 NewDesignator=R54
Change Component Designator: OldDesignator=R42 NewDesignator=R56
Change Component Designator: OldDesignator=U1 NewDesignator=U7
Change Component Designator: OldDesignator=U2 NewDesignator=U8
Change Component Designator: OldDesignator=U3 NewDesignator=U9
Change Component Designator: OldDesignator=U4 NewDesignator=U12
Change Component Designator: OldDesignator=U7 NewDesignator=U23
Change Component Designator: OldDesignator=U8 NewDesignator=U10
Change Component Designator: OldDesignator=U9 NewDesignator=U11
Change Component Designator: OldDesignator=U10 NewDesignator=U21
Change Component Designator: OldDesignator=VR1 NewDesignator=VR2
Added Component: Designator=C89(LC-0805_C)
Added Pin To Net: NetName=-5V Pin=C30-2
Added Pin To Net: NetName=AGND Pin=C89-1
Added Pin To Net: NetName=NetC30_2 Pin=C89-2
Change Net Name : Old Net Name=NetC1_1 New Net Name=NetC24_1
Change Net Name : Old Net Name=NetC2_1 New Net Name=NetC25_1
Change Net Name : Old Net Name=NetC3_1 New Net Name=NetC26_1
Change Net Name : Old Net Name=NetC4_2 New Net Name=NetC27_2
Change Net Name : Old Net Name=NetC5_2 New Net Name=NetC28_2
Change Net Name : Old Net Name=NetC8_1 New Net Name=NetC32_1
Change Net Name : Old Net Name=NetC10_1 New Net Name=NetC34_1
Change Net Name : Old Net Name=NetC10_2 New Net Name=NetC34_2
Change Net Name : Old Net Name=NetC11_2 New Net Name=NetC35_2
Change Net Name : Old Net Name=NetC25_2 New Net Name=NetC88_2
Change Net Name : Old Net Name=NetC30_2 New Net Name=NetC89_2
Change Net Name : Old Net Name=NetD1_A New Net Name=NetD2_A
Change Net Name : Old Net Name=NetD1_K New Net Name=NetD2_K
Change Net Name : Old Net Name=NetD2_A New Net Name=NetD3_A
Change Net Name : Old Net Name=NetD2_K New Net Name=NetD3_K
Change Net Name : Old Net Name=NetD3_A New Net Name=NetD4_A
Change Net Name : Old Net Name=NetD3_K New Net Name=NetD4_K
Change Net Name : Old Net Name=NetD4_A New Net Name=NetD5_A
Change Net Name : Old Net Name=NetD4_K New Net Name=NetD5_K
Change Net Name : Old Net Name=NetD5_A New Net Name=NetD6_A
Change Net Name : Old Net Name=NetD5_K New Net Name=NetD6_K
Change Net Name : Old Net Name=NetD6_A New Net Name=NetD7_A
Change Net Name : Old Net Name=NetD6_K New Net Name=NetD7_K
Change Net Name : Old Net Name=NetD7_A New Net Name=NetD8_A
Change Net Name : Old Net Name=NetD7_K New Net Name=NetD8_K
Change Net Name : Old Net Name=NetD8_A New Net Name=NetD9_A
Change Net Name : Old Net Name=NetD8_K New Net Name=NetD9_K
Change Net Name : Old Net Name=NetD9_A New Net Name=NetD10_A
Change Net Name : Old Net Name=NetD9_K New Net Name=NetD10_K
Change Net Name : Old Net Name=NetD10_A New Net Name=NetD11_A
Change Net Name : Old Net Name=NetD10_K New Net Name=NetD11_K
Change Net Name : Old Net Name=NetR11_1 New Net Name=NetR18_1
Change Net Name : Old Net Name=NetR17_CCW New Net Name=NetR21_CCW
Change Net Name : Old Net Name=NetR17_CW New Net Name=NetR21_CW
Change Net Name : Old Net Name=NetR20_2 New Net Name=NetR13_2
Change Net Name : Old Net Name=NetR35_1 New Net Name=NetR74_1
Change Net Name : Old Net Name=NetR36_1 New Net Name=NetR75_1
Change Net Name : Old Net Name=NetR38_1 New Net Name=NetR76_1
Change Net Name : Old Net Name=NetR39_1 New Net Name=NetR78_1
Change Net Name : Old Net Name=NetR41_1 New Net Name=NetR54_1
Added Member To Class: ClassName=CVTOP Member=Component C89 470nF (474) 10% 50V
Added Member To Class: ClassName=CVTOP Member=Component R43 1K¦¸ (1001) ¡À1%
Added Member To Class: ClassName=CVTOP Member=Component R44 1K¦¸ (1001) ¡À1%
Added Member To Class: ClassName=CVTOP Member=Component R56 100¦¸ (1000) ¡À1%
Added Member To Class: ClassName=CVTOP Member=Component R57 2K
