Removed Pin From Net: NetName=AGND Pin=C31-1
Removed Pin From Net: NetName=-5V Pin=C31-2
Removed Pin From Net: NetName=GCLK_N1 Pin=P10-C17
Added Component: Designator=C31(LC-CASE-A_3216)
Added Pin To Net: NetName=AGND Pin=C31-1
Added Pin To Net: NetName=-5V Pin=C31-2
Added Pin To Net: NetName=GCLK_P1 Pin=U7-1
Change Net Name : Old Net Name=GCLK_N1 New Net Name=VCCO
Added Pin To Net: NetName=GCLK_N1 Pin=P10-C17
Added Pin To Net: NetName=GCLK_N1 Pin=U7-3
Added Net: Name=GCLK_N1
Added Member To Class: ClassName=CVTOP Member=Component C25 470nF (474) 10% 50V
Added Member To Class: ClassName=CVTOP Member=Component C28 100nF(104) 10% 50V
Added Member To Class: ClassName=CVTOP Member=Component C31 10uF (106) ㊣10% 16V
Added Member To Class: ClassName=CVTOP Member=Component C32 100nF(104) 10% 50V
Added Member To Class: ClassName=CVTOP Member=Component P3 Header 6
Added Member To Class: ClassName=CVTOP Member=Component P4 Header 6
Added Member To Class: ClassName=CVTOP Member=Component R20 2K次 (2001) ㊣1%
Added Member To Class: ClassName=CVTOP Member=Component R27 1K次 (1001) ㊣1%
Added Member To Class: ClassName=CVTOP Member=Component R28 1K次 (1001) ㊣1%
Added Member To Class: ClassName=CVTOP Member=Component R29 2K
Added Member To Class: ClassName=CVTOP Member=Component R34 10K次 (1002) ㊣1%
Added Member To Class: ClassName=CVTOP Member=Component R35 330次 (3300) ㊣1%
Added Member To Class: ClassName=CVTOP Member=Component R36 200次 (2000) ㊣1%
Added Member To Class: ClassName=CVTOP Member=Component R37 10K次 (1002) ㊣1%
Added Member To Class: ClassName=CVTOP Member=Component R38 330次 (3300) ㊣1%
Added Member To Class: ClassName=CVTOP Member=Component R39 200次 (2000) ㊣1%
Added Member To Class: ClassName=CVTOP Member=Component R42 100次 (1000) ㊣1%
Added Member To Class: ClassName=CVTOP Member=Component S1 SW-PB
Added Member To Class: ClassName=CVTOP Member=Component S2 SW-PB
Added Member To Class: ClassName=CVTOP Member=Component U7 74HC14D
Added Room: Name=CVTOP
