Added Component: Designator=C15(C2225)
Added Component: Designator=C23(C2225)
Added Component: Designator=D2(LC-0805_LED_S1)
Added Component: Designator=D3(LC-0805_LED_S1)
Added Component: Designator=D4(LC-0805_LED_S1)
Added Component: Designator=D5(LC-0805_LED_S1)
Added Component: Designator=D6(LC-0805_LED_S1)
Added Component: Designator=D7(LC-0805_LED_S1)
Added Component: Designator=D8(LC-0805_LED_S1)
Added Component: Designator=D9(LC-0805_LED_S1)
Added Component: Designator=D10(LC-0805_LED_S1)
Added Component: Designator=D11(LC-0805_LED_S1)
Added Component: Designator=D12(LC-0805_LED_S1)
Added Component: Designator=D13(LC-0805_LED_S1)
Added Component: Designator=D14(LC-0805_LED_S1)
Added Component: Designator=D15(LC-0805_LED_S1)
Added Component: Designator=D16(LC-0805_LED_S1)
Added Component: Designator=D17(LC-0805_LED_S1)
Added Component: Designator=R29(LC-0805_R)
Added Component: Designator=R30(LC-0805_R)
Added Component: Designator=R31(LC-0805_R)
Added Component: Designator=R32(LC-0805_R)
Added Component: Designator=R33(LC-0805_R)
Added Component: Designator=R34(LC-0805_R)
Added Component: Designator=R35(LC-0805_R)
Added Component: Designator=R36(LC-0805_R)
Added Component: Designator=R37(LC-0805_R)
Added Component: Designator=R38(LC-0805_R)
Added Component: Designator=R39(LC-0805_R)
Added Component: Designator=R40(LC-0805_R)
Added Component: Designator=R41(LC-0805_R)
Added Component: Designator=R42(LC-0805_R)
Added Component: Designator=R43(LC-0805_R)
Added Component: Designator=R44(LC-0805_R)
Added Pin To Net: NetName=AGND Pin=C15-1
Added Pin To Net: NetName=-12V Pin=C15-2
Added Pin To Net: NetName=+12V Pin=C23-1
Added Pin To Net: NetName=AGND Pin=C23-2
Added Pin To Net: NetName=GND Pin=D2-K
Added Pin To Net: NetName=GND Pin=D3-K
Added Pin To Net: NetName=GND Pin=D4-K
Added Pin To Net: NetName=GND Pin=D5-K
Added Pin To Net: NetName=GND Pin=D6-K
Added Pin To Net: NetName=GND Pin=D7-K
Added Pin To Net: NetName=GND Pin=D8-K
Added Pin To Net: NetName=GND Pin=D9-K
Added Pin To Net: NetName=GND Pin=D10-K
Added Pin To Net: NetName=GND Pin=D11-K
Added Pin To Net: NetName=GND Pin=D12-K
Added Pin To Net: NetName=GND Pin=D13-K
Added Pin To Net: NetName=GND Pin=D14-K
Added Pin To Net: NetName=GND Pin=D15-K
Added Pin To Net: NetName=GND Pin=D16-K
Added Pin To Net: NetName=GND Pin=D17-K
Added Net: Name=GND
Added Pin To Net: NetName=NetD2_A Pin=D2-A
Added Pin To Net: NetName=NetD2_A Pin=R29-2
Added Net: Name=NetD2_A
Added Pin To Net: NetName=NetD3_A Pin=D3-A
Added Pin To Net: NetName=NetD3_A Pin=R30-2
Added Net: Name=NetD3_A
Added Pin To Net: NetName=NetD4_A Pin=D4-A
Added Pin To Net: NetName=NetD4_A Pin=R31-2
Added Net: Name=NetD4_A
Added Pin To Net: NetName=NetD5_A Pin=D5-A
Added Pin To Net: NetName=NetD5_A Pin=R32-2
Added Net: Name=NetD5_A
Added Pin To Net: NetName=NetD6_A Pin=D6-A
Added Pin To Net: NetName=NetD6_A Pin=R33-2
Added Net: Name=NetD6_A
Added Pin To Net: NetName=NetD7_A Pin=D7-A
Added Pin To Net: NetName=NetD7_A Pin=R34-2
Added Net: Name=NetD7_A
Added Pin To Net: NetName=NetD8_A Pin=D8-A
Added Pin To Net: NetName=NetD8_A Pin=R35-2
Added Net: Name=NetD8_A
Added Pin To Net: NetName=NetD9_A Pin=D9-A
Added Pin To Net: NetName=NetD9_A Pin=R36-2
Added Net: Name=NetD9_A
Added Pin To Net: NetName=NetD10_A Pin=D10-A
Added Pin To Net: NetName=NetD10_A Pin=R37-2
Added Net: Name=NetD10_A
Added Pin To Net: NetName=NetD11_A Pin=D11-A
Added Pin To Net: NetName=NetD11_A Pin=R38-2
Added Net: Name=NetD11_A
Added Pin To Net: NetName=NetD12_A Pin=D12-A
Added Pin To Net: NetName=NetD12_A Pin=R39-2
Added Net: Name=NetD12_A
Added Pin To Net: NetName=NetD13_A Pin=D13-A
Added Pin To Net: NetName=NetD13_A Pin=R40-2
Added Net: Name=NetD13_A
Added Pin To Net: NetName=NetD14_A Pin=D14-A
Added Pin To Net: NetName=NetD14_A Pin=R41-2
Added Net: Name=NetD14_A
Added Pin To Net: NetName=NetD15_A Pin=D15-A
Added Pin To Net: NetName=NetD15_A Pin=R42-2
Added Net: Name=NetD15_A
Added Pin To Net: NetName=NetD16_A Pin=D16-A
Added Pin To Net: NetName=NetD16_A Pin=R43-2
Added Net: Name=NetD16_A
Added Pin To Net: NetName=NetD17_A Pin=D17-A
Added Pin To Net: NetName=NetD17_A Pin=R44-2
Added Net: Name=NetD17_A
Added Pin To Net: NetName=NetR29_1 Pin=R29-1
Added Pin To Net: NetName=NetR29_1 Pin=U5-19
Added Net: Name=NetR29_1
Added Pin To Net: NetName=NetR30_1 Pin=R30-1
Added Pin To Net: NetName=NetR30_1 Pin=U5-18
Added Net: Name=NetR30_1
Added Pin To Net: NetName=NetR31_1 Pin=R31-1
Added Pin To Net: NetName=NetR31_1 Pin=U5-17
Added Net: Name=NetR31_1
Added Pin To Net: NetName=NetR32_1 Pin=R32-1
Added Pin To Net: NetName=NetR32_1 Pin=U5-16
Added Net: Name=NetR32_1
Added Pin To Net: NetName=NetR33_1 Pin=R33-1
Added Pin To Net: NetName=NetR33_1 Pin=U5-15
Added Net: Name=NetR33_1
Added Pin To Net: NetName=NetR34_1 Pin=R34-1
Added Pin To Net: NetName=NetR34_1 Pin=U5-14
Added Net: Name=NetR34_1
Added Pin To Net: NetName=NetR35_1 Pin=R35-1
Added Pin To Net: NetName=NetR35_1 Pin=U5-13
Added Net: Name=NetR35_1
Added Pin To Net: NetName=NetR36_1 Pin=R36-1
Added Pin To Net: NetName=NetR36_1 Pin=U5-12
Added Net: Name=NetR36_1
Added Pin To Net: NetName=NetR37_1 Pin=R37-1
Added Pin To Net: NetName=NetR37_1 Pin=U6-19
Added Net: Name=NetR37_1
Added Pin To Net: NetName=NetR38_1 Pin=R38-1
Added Pin To Net: NetName=NetR38_1 Pin=U6-18
Added Net: Name=NetR38_1
Added Pin To Net: NetName=NetR39_1 Pin=R39-1
Added Pin To Net: NetName=NetR39_1 Pin=U6-17
Added Net: Name=NetR39_1
Added Pin To Net: NetName=NetR40_1 Pin=R40-1
Added Pin To Net: NetName=NetR40_1 Pin=U6-16
Added Net: Name=NetR40_1
Added Pin To Net: NetName=NetR41_1 Pin=R41-1
Added Pin To Net: NetName=NetR41_1 Pin=U6-15
Added Net: Name=NetR41_1
Added Pin To Net: NetName=NetR42_1 Pin=R42-1
Added Pin To Net: NetName=NetR42_1 Pin=U6-14
Added Net: Name=NetR42_1
Added Pin To Net: NetName=NetR43_1 Pin=R43-1
Added Pin To Net: NetName=NetR43_1 Pin=U6-13
Added Net: Name=NetR43_1
Added Pin To Net: NetName=NetR44_1 Pin=R44-1
Added Pin To Net: NetName=NetR44_1 Pin=U6-12
Added Net: Name=NetR44_1
Added Member To Class: ClassName=CVTOP Member=Component C15 Cap Pol3
Added Member To Class: ClassName=CVTOP Member=Component C23 Cap Pol3
Added Member To Class: ClassName=CVTOP Member=Component C27 10uF (106) ㊣10% 16V
Added Member To Class: ClassName=CVTOP Member=Component C32 10uF (106) ㊣10% 16V
Added Member To Class: ClassName=CVTOP Member=Component C40 100nF(104) 10% 50V
Added Member To Class: ClassName=CVTOP Member=Component C41 100nF(104) 10% 50V
Added Member To Class: ClassName=CVTOP Member=Component D2 綻腑 0805
Added Member To Class: ClassName=CVTOP Member=Component D3 綻腑 0805
Added Member To Class: ClassName=CVTOP Member=Component D4 綻腑 0805
Added Member To Class: ClassName=CVTOP Member=Component D5 綻腑 0805
Added Member To Class: ClassName=CVTOP Member=Component D6 綻腑 0805
Added Member To Class: ClassName=CVTOP Member=Component D7 綻腑 0805
Added Member To Class: ClassName=CVTOP Member=Component D8 綻腑 0805
Added Member To Class: ClassName=CVTOP Member=Component D9 綻腑 0805
Added Member To Class: ClassName=CVTOP Member=Component D10 綻腑 0805
Added Member To Class: ClassName=CVTOP Member=Component D11 綻腑 0805
Added Member To Class: ClassName=CVTOP Member=Component D12 綻腑 0805
Added Member To Class: ClassName=CVTOP Member=Component D13 綻腑 0805
Added Member To Class: ClassName=CVTOP Member=Component D14 綻腑 0805
Added Member To Class: ClassName=CVTOP Member=Component D15 綻腑 0805
Added Member To Class: ClassName=CVTOP Member=Component D16 綻腑 0805
Added Member To Class: ClassName=CVTOP Member=Component D17 綻腑 0805
Added Member To Class: ClassName=CVTOP Member=Component R15 510次 (5100) ㊣1%
Added Member To Class: ClassName=CVTOP Member=Component R16 49.9次 (49R9) ㊣1%
Added Member To Class: ClassName=CVTOP Member=Component R18 510次 (5100) ㊣1%
Added Member To Class: ClassName=CVTOP Member=Component R19 15次 (15R0) ㊣1%
Added Member To Class: ClassName=CVTOP Member=Component R20 510次 (5100) ㊣1%
Added Member To Class: ClassName=CVTOP Member=Component R24 33K次 (3302) ㊣1%
Added Member To Class: ClassName=CVTOP Member=Component R30 1K次 (1001) ㊣1%
Added Member To Class: ClassName=CVTOP Member=Component R31 1K次 (1001) ㊣1%
Added Member To Class: ClassName=CVTOP Member=Component R32 1K次 (1001) ㊣1%
Added Member To Class: ClassName=CVTOP Member=Component R33 1K次 (1001) ㊣1%
Added Member To Class: ClassName=CVTOP Member=Component R34 1K次 (1001) ㊣1%
Added Member To Class: ClassName=CVTOP Member=Component R35 1K次 (1001) ㊣1%
Added Member To Class: ClassName=CVTOP Member=Component R36 1K次 (1001) ㊣1%
Added Member To Class: ClassName=CVTOP Member=Component R37 1K次 (1001) ㊣1%
Added Member To Class: ClassName=CVTOP Member=Component R38 1K次 (1001) ㊣1%
Added Member To Class: ClassName=CVTOP Member=Component R39 1K次 (1001) ㊣1%
Added Member To Class: ClassName=CVTOP Member=Component R40 1K次 (1001) ㊣1%
Added Member To Class: ClassName=CVTOP Member=Component R41 1K次 (1001) ㊣1%
Added Member To Class: ClassName=CVTOP Member=Component R42 1K次 (1001) ㊣1%
Added Member To Class: ClassName=CVTOP Member=Component R43 1K次 (1001) ㊣1%
Added Member To Class: ClassName=CVTOP Member=Component R44 1K次 (1001) ㊣1%
Added Room: Name=CVTOP
