Removed Pin From Net: NetName=-12V Pin=C1_E1-1
Removed Pin From Net: NetName=AGND Pin=C1_E1-2
Removed Pin From Net: NetName=-12V Pin=C1_E2-1
Removed Pin From Net: NetName=AGND Pin=C1_E2-2
Removed Pin From Net: NetName=-12V Pin=C1_E3-1
Removed Pin From Net: NetName=AGND Pin=C1_E3-2
Removed Pin From Net: NetName=-12V Pin=C1_E4-1
Removed Pin From Net: NetName=AGND Pin=C1_E4-2
Removed Pin From Net: NetName=-12V Pin=C2_E1-1
Removed Pin From Net: NetName=AGND Pin=C2_E1-2
Removed Pin From Net: NetName=-12V Pin=C2_E2-1
Removed Pin From Net: NetName=AGND Pin=C2_E2-2
Removed Pin From Net: NetName=-12V Pin=C2_E3-1
Removed Pin From Net: NetName=AGND Pin=C2_E3-2
Removed Pin From Net: NetName=-12V Pin=C2_E4-1
Removed Pin From Net: NetName=AGND Pin=C2_E4-2
Removed Pin From Net: NetName=-12V Pin=C3_E1-1
Removed Pin From Net: NetName=AGND Pin=C3_E1-2
Removed Pin From Net: NetName=-12V Pin=C3_E2-1
Removed Pin From Net: NetName=AGND Pin=C3_E2-2
Removed Pin From Net: NetName=-12V Pin=C3_E3-1
Removed Pin From Net: NetName=AGND Pin=C3_E3-2
Removed Pin From Net: NetName=-12V Pin=C3_E4-1
Removed Pin From Net: NetName=AGND Pin=C3_E4-2
Removed Pin From Net: NetName=-12V Pin=C4_E1-1
Removed Pin From Net: NetName=AGND Pin=C4_E1-2
Removed Pin From Net: NetName=-12V Pin=C4_E2-1
Removed Pin From Net: NetName=AGND Pin=C4_E2-2
Removed Pin From Net: NetName=-12V Pin=C4_E3-1
Removed Pin From Net: NetName=AGND Pin=C4_E3-2
Removed Pin From Net: NetName=-12V Pin=C4_E4-1
Removed Pin From Net: NetName=AGND Pin=C4_E4-2
Removed Pin From Net: NetName=AGND Pin=C5_E1-1
Removed Pin From Net: NetName=+5V Pin=C5_E1-2
Removed Pin From Net: NetName=AGND Pin=C5_E2-1
Removed Pin From Net: NetName=+5V Pin=C5_E2-2
Removed Pin From Net: NetName=AGND Pin=C5_E3-1
Removed Pin From Net: NetName=+5V Pin=C5_E3-2
Removed Pin From Net: NetName=AGND Pin=C5_E4-1
Removed Pin From Net: NetName=+5V Pin=C5_E4-2
Removed Pin From Net: NetName=AGND Pin=C6_E1-1
Removed Pin From Net: NetName=+5V Pin=C6_E1-2
Removed Pin From Net: NetName=AGND Pin=C6_E2-1
Removed Pin From Net: NetName=+5V Pin=C6_E2-2
Removed Pin From Net: NetName=AGND Pin=C6_E3-1
Removed Pin From Net: NetName=+5V Pin=C6_E3-2
Removed Pin From Net: NetName=AGND Pin=C6_E4-1
Removed Pin From Net: NetName=+5V Pin=C6_E4-2
Removed Pin From Net: NetName=AGND Pin=C7_E1-1
Removed Pin From Net: NetName=+12V Pin=C7_E1-2
Removed Pin From Net: NetName=AGND Pin=C7_E2-1
Removed Pin From Net: NetName=+12V Pin=C7_E2-2
Removed Pin From Net: NetName=AGND Pin=C7_E3-1
Removed Pin From Net: NetName=+12V Pin=C7_E3-2
Removed Pin From Net: NetName=AGND Pin=C7_E4-1
Removed Pin From Net: NetName=+12V Pin=C7_E4-2
Removed Pin From Net: NetName=AGND Pin=C8_E1-1
Removed Pin From Net: NetName=+12V Pin=C8_E1-2
Removed Pin From Net: NetName=AGND Pin=C8_E2-1
Removed Pin From Net: NetName=+12V Pin=C8_E2-2
Removed Pin From Net: NetName=AGND Pin=C8_E3-1
Removed Pin From Net: NetName=+12V Pin=C8_E3-2
Removed Pin From Net: NetName=AGND Pin=C8_E4-1
Removed Pin From Net: NetName=+12V Pin=C8_E4-2
Removed Pin From Net: NetName=AGND Pin=C9_E1-1
Removed Pin From Net: NetName=+12V Pin=C9_E1-2
Removed Pin From Net: NetName=AGND Pin=C9_E2-1
Removed Pin From Net: NetName=+12V Pin=C9_E2-2
Removed Pin From Net: NetName=AGND Pin=C9_E3-1
Removed Pin From Net: NetName=+12V Pin=C9_E3-2
Removed Pin From Net: NetName=AGND Pin=C9_E4-1
Removed Pin From Net: NetName=+12V Pin=C9_E4-2
Removed Pin From Net: NetName=AGND Pin=C10_E1-1
Removed Pin From Net: NetName=+12V Pin=C10_E1-2
Removed Pin From Net: NetName=AGND Pin=C10_E2-1
Removed Pin From Net: NetName=+12V Pin=C10_E2-2
Removed Pin From Net: NetName=AGND Pin=C10_E3-1
Removed Pin From Net: NetName=+12V Pin=C10_E3-2
Removed Pin From Net: NetName=AGND Pin=C10_E4-1
Removed Pin From Net: NetName=+12V Pin=C10_E4-2
Removed Pin From Net: NetName=AGND Pin=P1_E1-2
Removed Pin From Net: NetName=AGND Pin=P1_E1-2
Removed Pin From Net: NetName=AGND Pin=P1_E1-2
Removed Pin From Net: NetName=AGND Pin=P1_E1-2
Removed Pin From Net: NetName=AGND Pin=P1_E2-2
Removed Pin From Net: NetName=AGND Pin=P1_E2-2
Removed Pin From Net: NetName=AGND Pin=P1_E2-2
Removed Pin From Net: NetName=AGND Pin=P1_E2-2
Removed Pin From Net: NetName=AGND Pin=P1_E3-2
Removed Pin From Net: NetName=AGND Pin=P1_E3-2
Removed Pin From Net: NetName=AGND Pin=P1_E3-2
Removed Pin From Net: NetName=AGND Pin=P1_E3-2
Removed Pin From Net: NetName=AGND Pin=P1_E4-2
Removed Pin From Net: NetName=AGND Pin=P1_E4-2
Removed Pin From Net: NetName=AGND Pin=P1_E4-2
Removed Pin From Net: NetName=AGND Pin=P1_E4-2
Removed Pin From Net: NetName=AGND Pin=R1_E1-2
Removed Pin From Net: NetName=AGND Pin=R1_E2-2
Removed Pin From Net: NetName=AGND Pin=R1_E3-2
Removed Pin From Net: NetName=AGND Pin=R1_E4-2
Removed Pin From Net: NetName=AGND Pin=R4_E1-1
Removed Pin From Net: NetName=AGND Pin=R4_E2-1
Removed Pin From Net: NetName=AGND Pin=R4_E3-1
Removed Pin From Net: NetName=AGND Pin=R4_E4-1
Removed Pin From Net: NetName=AGND Pin=R6_E1-2
Removed Pin From Net: NetName=AGND Pin=R6_E2-2
Removed Pin From Net: NetName=AGND Pin=R6_E3-2
Removed Pin From Net: NetName=AGND Pin=R6_E4-2
Removed Pin From Net: NetName=AGND Pin=R7_E1-2
Removed Pin From Net: NetName=AGND Pin=R7_E2-2
Removed Pin From Net: NetName=AGND Pin=R7_E3-2
Removed Pin From Net: NetName=AGND Pin=R7_E4-2
Removed Pin From Net: NetName=AGND Pin=R10_E1-2
Removed Pin From Net: NetName=AGND Pin=R10_E2-2
Removed Pin From Net: NetName=AGND Pin=R10_E3-2
Removed Pin From Net: NetName=AGND Pin=R10_E4-2
Removed Pin From Net: NetName=AGND Pin=R11_E1-2
Removed Pin From Net: NetName=AGND Pin=R11_E2-2
Removed Pin From Net: NetName=AGND Pin=R11_E3-2
Removed Pin From Net: NetName=AGND Pin=R11_E4-2
Removed Pin From Net: NetName=SWC1 Pin=U1_E1-1
Removed Pin From Net: NetName=VE Pin=U1_E1-2
Removed Pin From Net: NetName=-12V Pin=U1_E1-4
Removed Pin From Net: NetName=AGND Pin=U1_E1-5
Removed Pin From Net: NetName=SWC1 Pin=U1_E1-8
Removed Pin From Net: NetName=SWB1 Pin=U1_E1-9
Removed Pin From Net: NetName=+5V Pin=U1_E1-12
Removed Pin From Net: NetName=+12V Pin=U1_E1-13
Removed Pin From Net: NetName=AGND Pin=U1_E1-15
Removed Pin From Net: NetName=SWC1 Pin=U1_E1-16
Removed Pin From Net: NetName=SWC2 Pin=U1_E2-1
Removed Pin From Net: NetName=VE Pin=U1_E2-2
Removed Pin From Net: NetName=-12V Pin=U1_E2-4
Removed Pin From Net: NetName=AGND Pin=U1_E2-5
Removed Pin From Net: NetName=SWC2 Pin=U1_E2-8
Removed Pin From Net: NetName=SWB2 Pin=U1_E2-9
Removed Pin From Net: NetName=+5V Pin=U1_E2-12
Removed Pin From Net: NetName=+12V Pin=U1_E2-13
Removed Pin From Net: NetName=AGND Pin=U1_E2-15
Removed Pin From Net: NetName=SWC2 Pin=U1_E2-16
Removed Pin From Net: NetName=SWC3 Pin=U1_E3-1
Removed Pin From Net: NetName=VE Pin=U1_E3-2
Removed Pin From Net: NetName=-12V Pin=U1_E3-4
Removed Pin From Net: NetName=AGND Pin=U1_E3-5
Removed Pin From Net: NetName=SWC3 Pin=U1_E3-8
Removed Pin From Net: NetName=SWB3 Pin=U1_E3-9
Removed Pin From Net: NetName=+5V Pin=U1_E3-12
Removed Pin From Net: NetName=+12V Pin=U1_E3-13
Removed Pin From Net: NetName=AGND Pin=U1_E3-15
Removed Pin From Net: NetName=SWC3 Pin=U1_E3-16
Removed Pin From Net: NetName=SWC4 Pin=U1_E4-1
Removed Pin From Net: NetName=VE Pin=U1_E4-2
Removed Pin From Net: NetName=-12V Pin=U1_E4-4
Removed Pin From Net: NetName=AGND Pin=U1_E4-5
Removed Pin From Net: NetName=SWC4 Pin=U1_E4-8
Removed Pin From Net: NetName=SWB4 Pin=U1_E4-9
Removed Pin From Net: NetName=+5V Pin=U1_E4-12
Removed Pin From Net: NetName=+12V Pin=U1_E4-13
Removed Pin From Net: NetName=AGND Pin=U1_E4-15
Removed Pin From Net: NetName=SWC4 Pin=U1_E4-16
Removed Pin From Net: NetName=AGND Pin=U2_E1-3
Removed Pin From Net: NetName=-12V Pin=U2_E1-4
Removed Pin From Net: NetName=+12V Pin=U2_E1-8
Removed Pin From Net: NetName=AGND Pin=U2_E2-3
Removed Pin From Net: NetName=-12V Pin=U2_E2-4
Removed Pin From Net: NetName=+12V Pin=U2_E2-8
Removed Pin From Net: NetName=AGND Pin=U2_E3-3
Removed Pin From Net: NetName=-12V Pin=U2_E3-4
Removed Pin From Net: NetName=+12V Pin=U2_E3-8
Removed Pin From Net: NetName=AGND Pin=U2_E4-3
Removed Pin From Net: NetName=-12V Pin=U2_E4-4
Removed Pin From Net: NetName=+12V Pin=U2_E4-8
Removed Pin From Net: NetName=-12V Pin=U3_E1-4
Removed Pin From Net: NetName=+12V Pin=U3_E1-8
Removed Pin From Net: NetName=-12V Pin=U3_E2-4
Removed Pin From Net: NetName=+12V Pin=U3_E2-8
Removed Pin From Net: NetName=-12V Pin=U3_E3-4
Removed Pin From Net: NetName=+12V Pin=U3_E3-8
Removed Pin From Net: NetName=-12V Pin=U3_E4-4
Removed Pin From Net: NetName=+12V Pin=U3_E4-8
Removed Pin From Net: NetName=SWD1 Pin=U4_E1-1
Removed Pin From Net: NetName=VO Pin=U4_E1-2
Removed Pin From Net: NetName=-12V Pin=U4_E1-4
Removed Pin From Net: NetName=AGND Pin=U4_E1-5
Removed Pin From Net: NetName=SWA1 Pin=U4_E1-8
Removed Pin From Net: NetName=SWA1 Pin=U4_E1-9
Removed Pin From Net: NetName=+5V Pin=U4_E1-12
Removed Pin From Net: NetName=+12V Pin=U4_E1-13
Removed Pin From Net: NetName=AGND Pin=U4_E1-14
Removed Pin From Net: NetName=SWA1 Pin=U4_E1-16
Removed Pin From Net: NetName=SWD2 Pin=U4_E2-1
Removed Pin From Net: NetName=VO Pin=U4_E2-2
Removed Pin From Net: NetName=-12V Pin=U4_E2-4
Removed Pin From Net: NetName=AGND Pin=U4_E2-5
Removed Pin From Net: NetName=SWA2 Pin=U4_E2-8
Removed Pin From Net: NetName=SWA2 Pin=U4_E2-9
Removed Pin From Net: NetName=+5V Pin=U4_E2-12
Removed Pin From Net: NetName=+12V Pin=U4_E2-13
Removed Pin From Net: NetName=AGND Pin=U4_E2-14
Removed Pin From Net: NetName=SWA2 Pin=U4_E2-16
Removed Pin From Net: NetName=SWD3 Pin=U4_E3-1
Removed Pin From Net: NetName=VO Pin=U4_E3-2
Removed Pin From Net: NetName=-12V Pin=U4_E3-4
Removed Pin From Net: NetName=AGND Pin=U4_E3-5
Removed Pin From Net: NetName=SWA3 Pin=U4_E3-8
Removed Pin From Net: NetName=SWA3 Pin=U4_E3-9
Removed Pin From Net: NetName=+5V Pin=U4_E3-12
Removed Pin From Net: NetName=+12V Pin=U4_E3-13
Removed Pin From Net: NetName=AGND Pin=U4_E3-14
Removed Pin From Net: NetName=SWA3 Pin=U4_E3-16
Removed Pin From Net: NetName=SWD4 Pin=U4_E4-1
Removed Pin From Net: NetName=VO Pin=U4_E4-2
Removed Pin From Net: NetName=-12V Pin=U4_E4-4
Removed Pin From Net: NetName=AGND Pin=U4_E4-5
Removed Pin From Net: NetName=SWA4 Pin=U4_E4-8
Removed Pin From Net: NetName=SWA4 Pin=U4_E4-9
Removed Pin From Net: NetName=+5V Pin=U4_E4-12
Removed Pin From Net: NetName=+12V Pin=U4_E4-13
Removed Pin From Net: NetName=AGND Pin=U4_E4-14
Removed Pin From Net: NetName=SWA4 Pin=U4_E4-16
Change Room Name: Old Name=E3 New Name=CVTOP
Change Room Scope: Old Scope=InComponentClass('E3') New Scope=InComponentClass('CVTOP')
