Change Component Designator: Old Designator=C24 New Designator=C1
Change Component Designator: Old Designator=C25 New Designator=C2
Change Component Designator: Old Designator=C26 New Designator=C3
Change Component Designator: Old Designator=C27 New Designator=C4
Change Component Designator: Old Designator=C28 New Designator=C5
Change Component Designator: Old Designator=C29 New Designator=C6
Change Component Designator: Old Designator=C30 New Designator=C31
Change Component Designator: Old Designator=C31 New Designator=C7
Change Component Designator: Old Designator=C32 New Designator=C8
Change Component Designator: Old Designator=C33 New Designator=C9
Change Component Designator: Old Designator=C34 New Designator=C10
Change Component Designator: Old Designator=C35 New Designator=C11
Change Component Designator: Old Designator=C36 New Designator=C12
Change Component Designator: Old Designator=C37 New Designator=C13
Change Component Designator: Old Designator=C38 New Designator=C15
Change Component Designator: Old Designator=C39 New Designator=C23
Change Component Designator: Old Designator=C40 New Designator=C32
Change Component Designator: Old Designator=C41 New Designator=C28
Change Component Designator: Old Designator=C42 New Designator=C24
Change Component Designator: Old Designator=C43 New Designator=C29
Change Component Designator: Old Designator=C44 New Designator=C26
Change Component Designator: Old Designator=C45 New Designator=C27
Change Component Designator: Old Designator=C88 New Designator=C25
Change Component Designator: Old Designator=C89 New Designator=C30
Change Component Designator: Old Designator=D1 New Designator=D11
Change Component Designator: Old Designator=D2 New Designator=D1
Change Component Designator: Old Designator=D3 New Designator=D2
Change Component Designator: Old Designator=D4 New Designator=D3
Change Component Designator: Old Designator=D5 New Designator=D4
Change Component Designator: Old Designator=D6 New Designator=D5
Change Component Designator: Old Designator=D7 New Designator=D6
Change Component Designator: Old Designator=D8 New Designator=D7
Change Component Designator: Old Designator=D9 New Designator=D8
Change Component Designator: Old Designator=D10 New Designator=D9
Change Component Designator: Old Designator=D11 New Designator=D10
Change Component Designator: Old Designator=J1 New Designator=J2
Change Component Designator: Old Designator=J2 New Designator=J1
Change Component Designator: Old Designator=R13 New Designator=R20
Change Component Designator: Old Designator=R14 New Designator=R1
Change Component Designator: Old Designator=R15 New Designator=R5
Change Component Designator: Old Designator=R16 New Designator=R7
Change Component Designator: Old Designator=R17 New Designator=R9
Change Component Designator: Old Designator=R18 New Designator=R11
Change Component Designator: Old Designator=R19 New Designator=R13
Change Component Designator: Old Designator=R20 New Designator=R14
Change Component Designator: Old Designator=R21 New Designator=R17
Change Component Designator: Old Designator=R22 New Designator=R21
Change Component Designator: Old Designator=R23 New Designator=R22
Change Component Designator: Old Designator=R24 New Designator=R23
Change Component Designator: Old Designator=R26 New Designator=R33
Change Component Designator: Old Designator=R27 New Designator=R40
Change Component Designator: Old Designator=R28 New Designator=R32
Change Component Designator: Old Designator=R29 New Designator=R31
Change Component Designator: Old Designator=R30 New Designator=R2
Change Component Designator: Old Designator=R31 New Designator=R3
Change Component Designator: Old Designator=R32 New Designator=R4
Change Component Designator: Old Designator=R33 New Designator=R6
Change Component Designator: Old Designator=R34 New Designator=R8
Change Component Designator: Old Designator=R35 New Designator=R10
Change Component Designator: Old Designator=R36 New Designator=R12
Change Component Designator: Old Designator=R37 New Designator=R15
Change Component Designator: Old Designator=R38 New Designator=R16
Change Component Designator: Old Designator=R39 New Designator=R18
Change Component Designator: Old Designator=R40 New Designator=R19
Change Component Designator: Old Designator=R41 New Designator=R24
Change Component Designator: Old Designator=R42 New Designator=R26
Change Component Designator: Old Designator=R43 New Designator=R27
Change Component Designator: Old Designator=R44 New Designator=R28
Change Component Designator: Old Designator=R45 New Designator=R30
Change Component Designator: Old Designator=R54 New Designator=R41
Change Component Designator: Old Designator=R56 New Designator=R42
Change Component Designator: Old Designator=R57 New Designator=R29
Change Component Designator: Old Designator=R73 New Designator=R34
Change Component Designator: Old Designator=R74 New Designator=R35
Change Component Designator: Old Designator=R75 New Designator=R36
Change Component Designator: Old Designator=R76 New Designator=R38
Change Component Designator: Old Designator=R77 New Designator=R37
Change Component Designator: Old Designator=R78 New Designator=R39
Change Component Designator: Old Designator=U7 New Designator=U1
Change Component Designator: Old Designator=U8 New Designator=U2
Change Component Designator: Old Designator=U9 New Designator=U3
Change Component Designator: Old Designator=U9 New Designator=U3
Change Component Designator: Old Designator=U10 New Designator=U8
Change Component Designator: Old Designator=U11 New Designator=U9
Change Component Designator: Old Designator=U12 New Designator=U4
Change Component Designator: Old Designator=U21 New Designator=U10
Change Component Designator: Old Designator=U23 New Designator=U7
Change Component Designator: Old Designator=U23 New Designator=U7
Change Component Designator: Old Designator=U23 New Designator=U7
Change Component Designator: Old Designator=U23 New Designator=U7
Change Component Designator: Old Designator=U23 New Designator=U7
Change Component Designator: Old Designator=U23 New Designator=U7
Change Component Designator: Old Designator=VR2 New Designator=VR1
