Change Component Designator: Old Designator=C24 New Designator=C1
Change Component Designator: Old Designator=C25 New Designator=C2
Change Component Designator: Old Designator=C26 New Designator=C3
Change Component Designator: Old Designator=C27 New Designator=C4
Change Component Designator: Old Designator=C28 New Designator=C5
Change Component Designator: Old Designator=C29 New Designator=C6
Change Component Designator: Old Designator=C30 New Designator=C29
Change Component Designator: Old Designator=C31 New Designator=C7
Change Component Designator: Old Designator=C32 New Designator=C8
Change Component Designator: Old Designator=C33 New Designator=C9
Change Component Designator: Old Designator=C34 New Designator=C10
Change Component Designator: Old Designator=C35 New Designator=C11
Change Component Designator: Old Designator=C36 New Designator=C12
Change Component Designator: Old Designator=C37 New Designator=C13
Change Component Designator: Old Designator=C38 New Designator=C24
Change Component Designator: Old Designator=C39 New Designator=C25
Change Component Designator: Old Designator=C40 New Designator=C32
Change Component Designator: Old Designator=C41 New Designator=C27
Change Component Designator: Old Designator=C42 New Designator=C26
Change Component Designator: Old Designator=C43 New Designator=C28
Change Component Designator: Old Designator=C44 New Designator=C30
Change Component Designator: Old Designator=C45 New Designator=C31
Change Component Designator: Old Designator=D1 New Designator=D11
Change Component Designator: Old Designator=D? New Designator=D1
Change Component Designator: Old Designator=D? New Designator=D2
Change Component Designator: Old Designator=D? New Designator=D3
Change Component Designator: Old Designator=D? New Designator=D4
Change Component Designator: Old Designator=D? New Designator=D5
Change Component Designator: Old Designator=D? New Designator=D6
Change Component Designator: Old Designator=D? New Designator=D7
Change Component Designator: Old Designator=D? New Designator=D8
Change Component Designator: Old Designator=D? New Designator=D9
Change Component Designator: Old Designator=D? New Designator=D10
Change Component Designator: Old Designator=D? New Designator=D12
Change Component Designator: Old Designator=D? New Designator=D13
Change Component Designator: Old Designator=D? New Designator=D14
Change Component Designator: Old Designator=D? New Designator=D15
Change Component Designator: Old Designator=D? New Designator=D16
Change Component Designator: Old Designator=D? New Designator=D17
Change Component Designator: Old Designator=J1 New Designator=J2
Change Component Designator: Old Designator=J2 New Designator=J1
Change Component Designator: Old Designator=R13 New Designator=R20
Change Component Designator: Old Designator=R14 New Designator=R1
Change Component Designator: Old Designator=R15 New Designator=R5
Change Component Designator: Old Designator=R16 New Designator=R7
Change Component Designator: Old Designator=R17 New Designator=R9
Change Component Designator: Old Designator=R18 New Designator=R11
Change Component Designator: Old Designator=R19 New Designator=R13
Change Component Designator: Old Designator=R20 New Designator=R14
Change Component Designator: Old Designator=R21 New Designator=R17
Change Component Designator: Old Designator=R22 New Designator=R21
Change Component Designator: Old Designator=R23 New Designator=R22
Change Component Designator: Old Designator=R24 New Designator=R23
Change Component Designator: Old Designator=R26 New Designator=R31
Change Component Designator: Old Designator=R27 New Designator=R32
Change Component Designator: Old Designator=R28 New Designator=R33
Change Component Designator: Old Designator=R29 New Designator=R30
Change Component Designator: Old Designator=R54 New Designator=R34
Change Component Designator: Old Designator=R56 New Designator=R35
Change Component Designator: Old Designator=R? New Designator=R2
Change Component Designator: Old Designator=R? New Designator=R3
Change Component Designator: Old Designator=R? New Designator=R4
Change Component Designator: Old Designator=R? New Designator=R6
Change Component Designator: Old Designator=R? New Designator=R8
Change Component Designator: Old Designator=R? New Designator=R10
Change Component Designator: Old Designator=R? New Designator=R12
Change Component Designator: Old Designator=R? New Designator=R15
Change Component Designator: Old Designator=R? New Designator=R16
Change Component Designator: Old Designator=R? New Designator=R18
Change Component Designator: Old Designator=R? New Designator=R19
Change Component Designator: Old Designator=R? New Designator=R24
Change Component Designator: Old Designator=R? New Designator=R26
Change Component Designator: Old Designator=R? New Designator=R27
Change Component Designator: Old Designator=R? New Designator=R28
Change Component Designator: Old Designator=R? New Designator=R29
Change Component Designator: Old Designator=U7 New Designator=U1
Change Component Designator: Old Designator=U8 New Designator=U2
Change Component Designator: Old Designator=U9 New Designator=U3
Change Component Designator: Old Designator=U9 New Designator=U3
Change Component Designator: Old Designator=U10 New Designator=U7
Change Component Designator: Old Designator=U11 New Designator=U8
Change Component Designator: Old Designator=U12 New Designator=U4
Change Component Designator: Old Designator=U21 New Designator=U9
Change Component Designator: Old Designator=VR2 New Designator=VR1
