Removed Pin From Net: NetName=NetR1_CW Pin=U3-2
Removed Pin From Net: NetName=NetU1_7 Pin=U3-3
Removed Pin From Net: NetName=-12 Pin=U3-4
Removed Pin From Net: NetName=IOUT Pin=U3-5
Removed Pin From Net: NetName=NetR2_2 Pin=U3-6
Removed Pin From Net: NetName=+12 Pin=U3-7
Removed Member From Class: ClassName=Rectification filter Member=U3
Change Component Designator: OldDesignator=U3 NewDesignator=U4
Change Component Designator: OldDesignator=U4 NewDesignator=U5
Added Pin To Net: NetName=NetR1_CW Pin=U3-2
Added Pin To Net: NetName=NetU1_7 Pin=U3-3
Added Pin To Net: NetName=-12 Pin=U3-4
Added Pin To Net: NetName=IOUT Pin=U3-5
Added Pin To Net: NetName=NetR2_2 Pin=U3-6
Added Pin To Net: NetName=+12 Pin=U3-7
Added Pin To Net: NetName=NetD1_1 Pin=U4-2
Added Pin To Net: NetName=-12V Pin=U4-4
Added Pin To Net: NetName=VOUT Pin=U4-5
Added Pin To Net: NetName=NetD3_1 Pin=U4-6
Added Pin To Net: NetName=NetD3_2 Pin=U4-7
Added Member To Class: ClassName=Rectification filter Member=Component U5 AD8066AR
