Added Component: Designator=C1(LC-0805_C)
Added Component: Designator=C3(LC-0805_C)
Added Component: Designator=C4(LC-0805_C)
Added Component: Designator=C7(LC-0805_C)
Added Component: Designator=C8(LC-0805_C)
Added Component: Designator=C9(LC-0805_C)
Added Component: Designator=C10(LC-0805_C)
Added Component: Designator=D1(DO-35)
Added Component: Designator=D2(DO-35)
Added Component: Designator=D3(DO-35)
Added Component: Designator=D4(DO-35)
Added Component: Designator=P1(SMB_V-RJ45)
Added Component: Designator=R1(POT4MM-2)
Added Component: Designator=R2(LC-0805_R)
Added Component: Designator=R3(LC-0805_R)
Added Component: Designator=R4(LC-0805_R)
Added Component: Designator=R5(LC-0805_R)
Added Component: Designator=R6(LC-0805_R)
Added Component: Designator=R7(LC-0805_R)
Added Component: Designator=R8(LC-0805_R)
Added Component: Designator=U1(ADI-R-8_N)
Added Component: Designator=U2(ADI-R-8_N)
Added Component: Designator=U3(ADI-N-8)
Added Component: Designator=U3(ADI-R-8_N)
Added Component: Designator=U4(ADI-R-8_N)
Added Pin To Net: NetName=+5V Pin=U4-8
Added Net: Name=+5V
Added Pin To Net: NetName=+12 Pin=U3-7
Added Net: Name=+12
Added Pin To Net: NetName=+12V Pin=C1-2
Added Pin To Net: NetName=+12V Pin=C3-2
Added Pin To Net: NetName=+12V Pin=U1-8
Added Pin To Net: NetName=+12V Pin=U2-8
Added Pin To Net: NetName=+12V Pin=U3-8
Added Net: Name=+12V
Added Pin To Net: NetName=-5V Pin=U4-4
Added Net: Name=-5V
Added Pin To Net: NetName=-12 Pin=U3-4
Added Net: Name=-12
Added Pin To Net: NetName=-12V Pin=C4-1
Added Pin To Net: NetName=-12V Pin=U1-4
Added Pin To Net: NetName=-12V Pin=U2-4
Added Pin To Net: NetName=-12V Pin=U3-4
Added Net: Name=-12V
Added Pin To Net: NetName=FOUT Pin=C10-2
Added Pin To Net: NetName=FOUT Pin=U4-1
Added Pin To Net: NetName=FOUT Pin=U4-2
Added Net: Name=FOUT
Added Pin To Net: NetName=GND Pin=C1-1
Added Pin To Net: NetName=GND Pin=C3-1
Added Pin To Net: NetName=GND Pin=C4-2
Added Pin To Net: NetName=GND Pin=C7-1
Added Pin To Net: NetName=GND Pin=C9-1
Added Pin To Net: NetName=GND Pin=P1-2
Added Pin To Net: NetName=GND Pin=P1-2
Added Pin To Net: NetName=GND Pin=P1-2
Added Pin To Net: NetName=GND Pin=P1-2
Added Pin To Net: NetName=GND Pin=R3-1
Added Net: Name=GND
Added Pin To Net: NetName=IMSK Pin=C8-2
Added Net: Name=IMSK
Added Pin To Net: NetName=IOUT Pin=U2-3
Added Pin To Net: NetName=IOUT Pin=U2-5
Added Pin To Net: NetName=IOUT Pin=U3-5
Added Net: Name=IOUT
Added Pin To Net: NetName=NetC7_2 Pin=C7-2
Added Pin To Net: NetName=NetC7_2 Pin=R2-1
Added Pin To Net: NetName=NetC7_2 Pin=U1-3
Added Net: Name=NetC7_2
Added Pin To Net: NetName=NetC8_1 Pin=C8-1
Added Pin To Net: NetName=NetC8_1 Pin=R3-2
Added Pin To Net: NetName=NetC8_1 Pin=U2-6
Added Pin To Net: NetName=NetC8_1 Pin=U2-7
Added Net: Name=NetC8_1
Added Pin To Net: NetName=NetC9_2 Pin=C9-2
Added Pin To Net: NetName=NetC9_2 Pin=R8-2
Added Pin To Net: NetName=NetC9_2 Pin=U4-3
Added Net: Name=NetC9_2
Added Pin To Net: NetName=NetC10_1 Pin=C10-1
Added Pin To Net: NetName=NetC10_1 Pin=R7-2
Added Pin To Net: NetName=NetC10_1 Pin=R8-1
Added Net: Name=NetC10_1
Added Pin To Net: NetName=NetD1_1 Pin=D1-1
Added Pin To Net: NetName=NetD1_1 Pin=R4-2
Added Pin To Net: NetName=NetD1_1 Pin=R5-1
Added Pin To Net: NetName=NetD1_1 Pin=U3-2
Added Net: Name=NetD1_1
Added Pin To Net: NetName=NetD1_2 Pin=D1-2
Added Pin To Net: NetName=NetD1_2 Pin=D2-1
Added Pin To Net: NetName=NetD1_2 Pin=U3-1
Added Net: Name=NetD1_2
Added Pin To Net: NetName=NetD2_2 Pin=D2-2
Added Pin To Net: NetName=NetD2_2 Pin=D4-2
Added Pin To Net: NetName=NetD2_2 Pin=R5-2
Added Pin To Net: NetName=NetD2_2 Pin=R6-2
Added Pin To Net: NetName=NetD2_2 Pin=R7-1
Added Net: Name=NetD2_2
Added Pin To Net: NetName=NetD3_1 Pin=D3-1
Added Pin To Net: NetName=NetD3_1 Pin=R6-1
Added Pin To Net: NetName=NetD3_1 Pin=U3-6
Added Net: Name=NetD3_1
Added Pin To Net: NetName=NetD3_2 Pin=D3-2
Added Pin To Net: NetName=NetD3_2 Pin=D4-1
Added Pin To Net: NetName=NetD3_2 Pin=U3-7
Added Net: Name=NetD3_2
Added Pin To Net: NetName=NetP1_1 Pin=P1-1
Added Pin To Net: NetName=NetP1_1 Pin=U1-5
Added Net: Name=NetP1_1
Added Pin To Net: NetName=NetR1_CCW Pin=R1-CCW
Added Pin To Net: NetName=NetR1_CCW Pin=R1-W
Added Pin To Net: NetName=NetR1_CCW Pin=U1-1
Added Pin To Net: NetName=NetR1_CCW Pin=U1-2
Added Net: Name=NetR1_CCW
Added Pin To Net: NetName=NetR1_CW Pin=R1-CW
Added Pin To Net: NetName=NetR1_CW Pin=U1-6
Added Pin To Net: NetName=NetR1_CW Pin=U3-2
Added Net: Name=NetR1_CW
Added Pin To Net: NetName=NetR2_2 Pin=R2-2
Added Pin To Net: NetName=NetR2_2 Pin=U3-6
Added Net: Name=NetR2_2
Added Pin To Net: NetName=NetU1_7 Pin=U1-7
Added Pin To Net: NetName=NetU1_7 Pin=U3-3
Added Net: Name=NetU1_7
Added Pin To Net: NetName=VOUT Pin=R4-1
Added Pin To Net: NetName=VOUT Pin=U2-1
Added Pin To Net: NetName=VOUT Pin=U2-2
Added Pin To Net: NetName=VOUT Pin=U3-5
Added Net: Name=VOUT
Added Class: Name=Rectification filter
Added Class: Name=Sheet
Added Room: Name=Rectification filter
Added Room: Name=Sheet
